<?xml version="1.0" encoding="UTF-8"?>
<testsuite xmlns:xsi="http://www.w3.org/2001/XMLSchema-instance" xsi:noNamespaceSchemaLocation="https://maven.apache.org/surefire/maven-surefire-plugin/xsd/surefire-test-report.xsd" name="com.baeldung.SpringContextTest" time="3.143" tests="1" errors="0" skipped="0" failures="0">
  <properties>
    <property name="gopherProxySet" value="false"/>
    <property name="awt.toolkit" value="sun.lwawt.macosx.LWCToolkit"/>
    <property name="java.specification.version" value="11"/>
    <property name="sun.cpu.isalist" value=""/>
    <property name="sun.jnu.encoding" value="UTF-8"/>
    <property name="java.class.path" value="/Users/eduardo/Technologia/eqe.io/tutorials/spring-cloud/spring-cloud-kubernetes/readiness-example/target/test-classes:/Users/eduardo/Technologia/eqe.io/tutorials/spring-cloud/spring-cloud-kubernetes/readiness-example/target/classes:/Users/eduardo/.m2/repository/org/springframework/boot/spring-boot-starter-web/1.5.17.RELEASE/spring-boot-starter-web-1.5.17.RELEASE.jar:/Users/eduardo/.m2/repository/org/springframework/boot/spring-boot-starter/1.5.17.RELEASE/spring-boot-starter-1.5.17.RELEASE.jar:/Users/eduardo/.m2/repository/org/springframework/boot/spring-boot/1.5.17.RELEASE/spring-boot-1.5.17.RELEASE.jar:/Users/eduardo/.m2/repository/org/springframework/boot/spring-boot-autoconfigure/1.5.17.RELEASE/spring-boot-autoconfigure-1.5.17.RELEASE.jar:/Users/eduardo/.m2/repository/org/springframework/boot/spring-boot-starter-logging/1.5.17.RELEASE/spring-boot-starter-logging-1.5.17.RELEASE.jar:/Users/eduardo/.m2/repository/org/slf4j/jul-to-slf4j/1.7.25/jul-to-slf4j-1.7.25.jar:/Users/eduardo/.m2/repository/org/slf4j/log4j-over-slf4j/1.7.25/log4j-over-slf4j-1.7.25.jar:/Users/eduardo/.m2/repository/org/yaml/snakeyaml/1.17/snakeyaml-1.17.jar:/Users/eduardo/.m2/repository/org/springframework/boot/spring-boot-starter-tomcat/1.5.17.RELEASE/spring-boot-starter-tomcat-1.5.17.RELEASE.jar:/Users/eduardo/.m2/repository/org/apache/tomcat/embed/tomcat-embed-core/8.5.34/tomcat-embed-core-8.5.34.jar:/Users/eduardo/.m2/repository/org/apache/tomcat/tomcat-annotations-api/8.5.34/tomcat-annotations-api-8.5.34.jar:/Users/eduardo/.m2/repository/org/apache/tomcat/embed/tomcat-embed-el/8.5.34/tomcat-embed-el-8.5.34.jar:/Users/eduardo/.m2/repository/org/apache/tomcat/embed/tomcat-embed-websocket/8.5.34/tomcat-embed-websocket-8.5.34.jar:/Users/eduardo/.m2/repository/org/hibernate/hibernate-validator/5.3.6.Final/hibernate-validator-5.3.6.Final.jar:/Users/eduardo/.m2/repository/javax/validation/validation-api/1.1.0.Final/validation-api-1.1.0.Final.jar:/Users/eduardo/.m2/repository/org/jboss/logging/jboss-logging/3.3.2.Final/jboss-logging-3.3.2.Final.jar:/Users/eduardo/.m2/repository/com/fasterxml/classmate/1.3.4/classmate-1.3.4.jar:/Users/eduardo/.m2/repository/com/fasterxml/jackson/core/jackson-databind/2.8.11.2/jackson-databind-2.8.11.2.jar:/Users/eduardo/.m2/repository/com/fasterxml/jackson/core/jackson-annotations/2.8.0/jackson-annotations-2.8.0.jar:/Users/eduardo/.m2/repository/com/fasterxml/jackson/core/jackson-core/2.8.11/jackson-core-2.8.11.jar:/Users/eduardo/.m2/repository/org/springframework/spring-web/4.3.20.RELEASE/spring-web-4.3.20.RELEASE.jar:/Users/eduardo/.m2/repository/org/springframework/spring-aop/4.3.20.RELEASE/spring-aop-4.3.20.RELEASE.jar:/Users/eduardo/.m2/repository/org/springframework/spring-beans/4.3.20.RELEASE/spring-beans-4.3.20.RELEASE.jar:/Users/eduardo/.m2/repository/org/springframework/spring-context/4.3.20.RELEASE/spring-context-4.3.20.RELEASE.jar:/Users/eduardo/.m2/repository/org/springframework/spring-webmvc/4.3.20.RELEASE/spring-webmvc-4.3.20.RELEASE.jar:/Users/eduardo/.m2/repository/org/springframework/spring-expression/4.3.20.RELEASE/spring-expression-4.3.20.RELEASE.jar:/Users/eduardo/.m2/repository/org/springframework/boot/spring-boot-starter-actuator/1.5.17.RELEASE/spring-boot-starter-actuator-1.5.17.RELEASE.jar:/Users/eduardo/.m2/repository/org/springframework/boot/spring-boot-actuator/1.5.17.RELEASE/spring-boot-actuator-1.5.17.RELEASE.jar:/Users/eduardo/.m2/repository/org/springframework/boot/spring-boot-starter-test/1.5.17.RELEASE/spring-boot-starter-test-1.5.17.RELEASE.jar:/Users/eduardo/.m2/repository/org/springframework/boot/spring-boot-test/1.5.17.RELEASE/spring-boot-test-1.5.17.RELEASE.jar:/Users/eduardo/.m2/repository/org/springframework/boot/spring-boot-test-autoconfigure/1.5.17.RELEASE/spring-boot-test-autoconfigure-1.5.17.RELEASE.jar:/Users/eduardo/.m2/repository/com/jayway/jsonpath/json-path/2.2.0/json-path-2.2.0.jar:/Users/eduardo/.m2/repository/net/minidev/json-smart/2.2.1/json-smart-2.2.1.jar:/Users/eduardo/.m2/repository/net/minidev/accessors-smart/1.1/accessors-smart-1.1.jar:/Users/eduardo/.m2/repository/org/ow2/asm/asm/5.0.3/asm-5.0.3.jar:/Users/eduardo/.m2/repository/org/assertj/assertj-core/2.6.0/assertj-core-2.6.0.jar:/Users/eduardo/.m2/repository/org/skyscreamer/jsonassert/1.4.0/jsonassert-1.4.0.jar:/Users/eduardo/.m2/repository/com/vaadin/external/google/android-json/0.0.20131108.vaadin1/android-json-0.0.20131108.vaadin1.jar:/Users/eduardo/.m2/repository/org/springframework/spring-core/4.3.20.RELEASE/spring-core-4.3.20.RELEASE.jar:/Users/eduardo/.m2/repository/org/springframework/spring-test/4.3.20.RELEASE/spring-test-4.3.20.RELEASE.jar:/Users/eduardo/.m2/repository/io/rest-assured/rest-assured/3.1.0/rest-assured-3.1.0.jar:/Users/eduardo/.m2/repository/org/codehaus/groovy/groovy/2.4.15/groovy-2.4.15.jar:/Users/eduardo/.m2/repository/org/codehaus/groovy/groovy-xml/2.4.15/groovy-xml-2.4.15.jar:/Users/eduardo/.m2/repository/org/apache/httpcomponents/httpclient/4.5.6/httpclient-4.5.6.jar:/Users/eduardo/.m2/repository/org/apache/httpcomponents/httpcore/4.4.10/httpcore-4.4.10.jar:/Users/eduardo/.m2/repository/commons-codec/commons-codec/1.10/commons-codec-1.10.jar:/Users/eduardo/.m2/repository/org/apache/httpcomponents/httpmime/4.5.6/httpmime-4.5.6.jar:/Users/eduardo/.m2/repository/org/ccil/cowan/tagsoup/tagsoup/1.2.1/tagsoup-1.2.1.jar:/Users/eduardo/.m2/repository/io/rest-assured/json-path/3.1.0/json-path-3.1.0.jar:/Users/eduardo/.m2/repository/org/codehaus/groovy/groovy-json/2.4.15/groovy-json-2.4.15.jar:/Users/eduardo/.m2/repository/io/rest-assured/rest-assured-common/3.1.0/rest-assured-common-3.1.0.jar:/Users/eduardo/.m2/repository/io/rest-assured/xml-path/3.1.0/xml-path-3.1.0.jar:/Users/eduardo/.m2/repository/org/apache/commons/commons-lang3/3.4/commons-lang3-3.4.jar:/Users/eduardo/.m2/repository/javax/xml/bind/jaxb-api/2.2.12/jaxb-api-2.2.12.jar:/Users/eduardo/.m2/repository/org/slf4j/slf4j-api/1.7.21/slf4j-api-1.7.21.jar:/Users/eduardo/.m2/repository/ch/qos/logback/logback-classic/1.1.7/logback-classic-1.1.7.jar:/Users/eduardo/.m2/repository/ch/qos/logback/logback-core/1.1.7/logback-core-1.1.7.jar:/Users/eduardo/.m2/repository/org/slf4j/jcl-over-slf4j/1.7.21/jcl-over-slf4j-1.7.21.jar:/Users/eduardo/.m2/repository/junit/junit/4.12/junit-4.12.jar:/Users/eduardo/.m2/repository/org/junit/jupiter/junit-jupiter-engine/5.2.0/junit-jupiter-engine-5.2.0.jar:/Users/eduardo/.m2/repository/org/apiguardian/apiguardian-api/1.0.0/apiguardian-api-1.0.0.jar:/Users/eduardo/.m2/repository/org/junit/platform/junit-platform-engine/1.2.0/junit-platform-engine-1.2.0.jar:/Users/eduardo/.m2/repository/org/junit/jupiter/junit-jupiter-params/5.2.0/junit-jupiter-params-5.2.0.jar:/Users/eduardo/.m2/repository/org/junit/jupiter/junit-jupiter-api/5.2.0/junit-jupiter-api-5.2.0.jar:/Users/eduardo/.m2/repository/org/opentest4j/opentest4j/1.1.0/opentest4j-1.1.0.jar:/Users/eduardo/.m2/repository/org/junit/platform/junit-platform-commons/1.2.0/junit-platform-commons-1.2.0.jar:/Users/eduardo/.m2/repository/org/hamcrest/hamcrest-core/1.3/hamcrest-core-1.3.jar:/Users/eduardo/.m2/repository/org/hamcrest/hamcrest-library/1.3/hamcrest-library-1.3.jar:/Users/eduardo/.m2/repository/org/hamcrest/hamcrest-all/1.3/hamcrest-all-1.3.jar:/Users/eduardo/.m2/repository/org/mockito/mockito-core/2.21.0/mockito-core-2.21.0.jar:/Users/eduardo/.m2/repository/net/bytebuddy/byte-buddy/1.8.15/byte-buddy-1.8.15.jar:/Users/eduardo/.m2/repository/net/bytebuddy/byte-buddy-agent/1.8.15/byte-buddy-agent-1.8.15.jar:/Users/eduardo/.m2/repository/org/objenesis/objenesis/2.6/objenesis-2.6.jar:/Users/eduardo/.m2/repository/org/apache/maven/surefire/surefire-logger-api/2.21.0/surefire-logger-api-2.21.0.jar:"/>
    <property name="java.vm.vendor" value="Oracle Corporation"/>
    <property name="sun.arch.data.model" value="64"/>
    <property name="java.vendor.url" value="http://java.oracle.com/"/>
    <property name="user.timezone" value=""/>
    <property name="java.vm.specification.version" value="11"/>
    <property name="os.name" value="Mac OS X"/>
    <property name="sun.java.launcher" value="SUN_STANDARD"/>
    <property name="user.country" value="US"/>
    <property name="sun.boot.library.path" value="/Library/Java/JavaVirtualMachines/openjdk-11.0.2.jdk/Contents/Home/lib"/>
    <property name="sun.java.command" value="/Users/eduardo/Technologia/eqe.io/tutorials/spring-cloud/spring-cloud-kubernetes/readiness-example/target/surefire/surefirebooter15931401037029712330.jar /Users/eduardo/Technologia/eqe.io/tutorials/spring-cloud/spring-cloud-kubernetes/readiness-example/target/surefire 2019-10-13T09-41-40_496-jvmRun1 surefire8283378025396482643tmp surefire_39928103502661930330tmp"/>
    <property name="http.nonProxyHosts" value="local|*.local|169.254/16|*.169.254/16"/>
    <property name="jdk.debug" value="release"/>
    <property name="surefire.test.class.path" value="/Users/eduardo/Technologia/eqe.io/tutorials/spring-cloud/spring-cloud-kubernetes/readiness-example/target/test-classes:/Users/eduardo/Technologia/eqe.io/tutorials/spring-cloud/spring-cloud-kubernetes/readiness-example/target/classes:/Users/eduardo/.m2/repository/org/springframework/boot/spring-boot-starter-web/1.5.17.RELEASE/spring-boot-starter-web-1.5.17.RELEASE.jar:/Users/eduardo/.m2/repository/org/springframework/boot/spring-boot-starter/1.5.17.RELEASE/spring-boot-starter-1.5.17.RELEASE.jar:/Users/eduardo/.m2/repository/org/springframework/boot/spring-boot/1.5.17.RELEASE/spring-boot-1.5.17.RELEASE.jar:/Users/eduardo/.m2/repository/org/springframework/boot/spring-boot-autoconfigure/1.5.17.RELEASE/spring-boot-autoconfigure-1.5.17.RELEASE.jar:/Users/eduardo/.m2/repository/org/springframework/boot/spring-boot-starter-logging/1.5.17.RELEASE/spring-boot-starter-logging-1.5.17.RELEASE.jar:/Users/eduardo/.m2/repository/org/slf4j/jul-to-slf4j/1.7.25/jul-to-slf4j-1.7.25.jar:/Users/eduardo/.m2/repository/org/slf4j/log4j-over-slf4j/1.7.25/log4j-over-slf4j-1.7.25.jar:/Users/eduardo/.m2/repository/org/yaml/snakeyaml/1.17/snakeyaml-1.17.jar:/Users/eduardo/.m2/repository/org/springframework/boot/spring-boot-starter-tomcat/1.5.17.RELEASE/spring-boot-starter-tomcat-1.5.17.RELEASE.jar:/Users/eduardo/.m2/repository/org/apache/tomcat/embed/tomcat-embed-core/8.5.34/tomcat-embed-core-8.5.34.jar:/Users/eduardo/.m2/repository/org/apache/tomcat/tomcat-annotations-api/8.5.34/tomcat-annotations-api-8.5.34.jar:/Users/eduardo/.m2/repository/org/apache/tomcat/embed/tomcat-embed-el/8.5.34/tomcat-embed-el-8.5.34.jar:/Users/eduardo/.m2/repository/org/apache/tomcat/embed/tomcat-embed-websocket/8.5.34/tomcat-embed-websocket-8.5.34.jar:/Users/eduardo/.m2/repository/org/hibernate/hibernate-validator/5.3.6.Final/hibernate-validator-5.3.6.Final.jar:/Users/eduardo/.m2/repository/javax/validation/validation-api/1.1.0.Final/validation-api-1.1.0.Final.jar:/Users/eduardo/.m2/repository/org/jboss/logging/jboss-logging/3.3.2.Final/jboss-logging-3.3.2.Final.jar:/Users/eduardo/.m2/repository/com/fasterxml/classmate/1.3.4/classmate-1.3.4.jar:/Users/eduardo/.m2/repository/com/fasterxml/jackson/core/jackson-databind/2.8.11.2/jackson-databind-2.8.11.2.jar:/Users/eduardo/.m2/repository/com/fasterxml/jackson/core/jackson-annotations/2.8.0/jackson-annotations-2.8.0.jar:/Users/eduardo/.m2/repository/com/fasterxml/jackson/core/jackson-core/2.8.11/jackson-core-2.8.11.jar:/Users/eduardo/.m2/repository/org/springframework/spring-web/4.3.20.RELEASE/spring-web-4.3.20.RELEASE.jar:/Users/eduardo/.m2/repository/org/springframework/spring-aop/4.3.20.RELEASE/spring-aop-4.3.20.RELEASE.jar:/Users/eduardo/.m2/repository/org/springframework/spring-beans/4.3.20.RELEASE/spring-beans-4.3.20.RELEASE.jar:/Users/eduardo/.m2/repository/org/springframework/spring-context/4.3.20.RELEASE/spring-context-4.3.20.RELEASE.jar:/Users/eduardo/.m2/repository/org/springframework/spring-webmvc/4.3.20.RELEASE/spring-webmvc-4.3.20.RELEASE.jar:/Users/eduardo/.m2/repository/org/springframework/spring-expression/4.3.20.RELEASE/spring-expression-4.3.20.RELEASE.jar:/Users/eduardo/.m2/repository/org/springframework/boot/spring-boot-starter-actuator/1.5.17.RELEASE/spring-boot-starter-actuator-1.5.17.RELEASE.jar:/Users/eduardo/.m2/repository/org/springframework/boot/spring-boot-actuator/1.5.17.RELEASE/spring-boot-actuator-1.5.17.RELEASE.jar:/Users/eduardo/.m2/repository/org/springframework/boot/spring-boot-starter-test/1.5.17.RELEASE/spring-boot-starter-test-1.5.17.RELEASE.jar:/Users/eduardo/.m2/repository/org/springframework/boot/spring-boot-test/1.5.17.RELEASE/spring-boot-test-1.5.17.RELEASE.jar:/Users/eduardo/.m2/repository/org/springframework/boot/spring-boot-test-autoconfigure/1.5.17.RELEASE/spring-boot-test-autoconfigure-1.5.17.RELEASE.jar:/Users/eduardo/.m2/repository/com/jayway/jsonpath/json-path/2.2.0/json-path-2.2.0.jar:/Users/eduardo/.m2/repository/net/minidev/json-smart/2.2.1/json-smart-2.2.1.jar:/Users/eduardo/.m2/repository/net/minidev/accessors-smart/1.1/accessors-smart-1.1.jar:/Users/eduardo/.m2/repository/org/ow2/asm/asm/5.0.3/asm-5.0.3.jar:/Users/eduardo/.m2/repository/org/assertj/assertj-core/2.6.0/assertj-core-2.6.0.jar:/Users/eduardo/.m2/repository/org/skyscreamer/jsonassert/1.4.0/jsonassert-1.4.0.jar:/Users/eduardo/.m2/repository/com/vaadin/external/google/android-json/0.0.20131108.vaadin1/android-json-0.0.20131108.vaadin1.jar:/Users/eduardo/.m2/repository/org/springframework/spring-core/4.3.20.RELEASE/spring-core-4.3.20.RELEASE.jar:/Users/eduardo/.m2/repository/org/springframework/spring-test/4.3.20.RELEASE/spring-test-4.3.20.RELEASE.jar:/Users/eduardo/.m2/repository/io/rest-assured/rest-assured/3.1.0/rest-assured-3.1.0.jar:/Users/eduardo/.m2/repository/org/codehaus/groovy/groovy/2.4.15/groovy-2.4.15.jar:/Users/eduardo/.m2/repository/org/codehaus/groovy/groovy-xml/2.4.15/groovy-xml-2.4.15.jar:/Users/eduardo/.m2/repository/org/apache/httpcomponents/httpclient/4.5.6/httpclient-4.5.6.jar:/Users/eduardo/.m2/repository/org/apache/httpcomponents/httpcore/4.4.10/httpcore-4.4.10.jar:/Users/eduardo/.m2/repository/commons-codec/commons-codec/1.10/commons-codec-1.10.jar:/Users/eduardo/.m2/repository/org/apache/httpcomponents/httpmime/4.5.6/httpmime-4.5.6.jar:/Users/eduardo/.m2/repository/org/ccil/cowan/tagsoup/tagsoup/1.2.1/tagsoup-1.2.1.jar:/Users/eduardo/.m2/repository/io/rest-assured/json-path/3.1.0/json-path-3.1.0.jar:/Users/eduardo/.m2/repository/org/codehaus/groovy/groovy-json/2.4.15/groovy-json-2.4.15.jar:/Users/eduardo/.m2/repository/io/rest-assured/rest-assured-common/3.1.0/rest-assured-common-3.1.0.jar:/Users/eduardo/.m2/repository/io/rest-assured/xml-path/3.1.0/xml-path-3.1.0.jar:/Users/eduardo/.m2/repository/org/apache/commons/commons-lang3/3.4/commons-lang3-3.4.jar:/Users/eduardo/.m2/repository/javax/xml/bind/jaxb-api/2.2.12/jaxb-api-2.2.12.jar:/Users/eduardo/.m2/repository/org/slf4j/slf4j-api/1.7.21/slf4j-api-1.7.21.jar:/Users/eduardo/.m2/repository/ch/qos/logback/logback-classic/1.1.7/logback-classic-1.1.7.jar:/Users/eduardo/.m2/repository/ch/qos/logback/logback-core/1.1.7/logback-core-1.1.7.jar:/Users/eduardo/.m2/repository/org/slf4j/jcl-over-slf4j/1.7.21/jcl-over-slf4j-1.7.21.jar:/Users/eduardo/.m2/repository/junit/junit/4.12/junit-4.12.jar:/Users/eduardo/.m2/repository/org/junit/jupiter/junit-jupiter-engine/5.2.0/junit-jupiter-engine-5.2.0.jar:/Users/eduardo/.m2/repository/org/apiguardian/apiguardian-api/1.0.0/apiguardian-api-1.0.0.jar:/Users/eduardo/.m2/repository/org/junit/platform/junit-platform-engine/1.2.0/junit-platform-engine-1.2.0.jar:/Users/eduardo/.m2/repository/org/junit/jupiter/junit-jupiter-params/5.2.0/junit-jupiter-params-5.2.0.jar:/Users/eduardo/.m2/repository/org/junit/jupiter/junit-jupiter-api/5.2.0/junit-jupiter-api-5.2.0.jar:/Users/eduardo/.m2/repository/org/opentest4j/opentest4j/1.1.0/opentest4j-1.1.0.jar:/Users/eduardo/.m2/repository/org/junit/platform/junit-platform-commons/1.2.0/junit-platform-commons-1.2.0.jar:/Users/eduardo/.m2/repository/org/hamcrest/hamcrest-core/1.3/hamcrest-core-1.3.jar:/Users/eduardo/.m2/repository/org/hamcrest/hamcrest-library/1.3/hamcrest-library-1.3.jar:/Users/eduardo/.m2/repository/org/hamcrest/hamcrest-all/1.3/hamcrest-all-1.3.jar:/Users/eduardo/.m2/repository/org/mockito/mockito-core/2.21.0/mockito-core-2.21.0.jar:/Users/eduardo/.m2/repository/net/bytebuddy/byte-buddy/1.8.15/byte-buddy-1.8.15.jar:/Users/eduardo/.m2/repository/net/bytebuddy/byte-buddy-agent/1.8.15/byte-buddy-agent-1.8.15.jar:/Users/eduardo/.m2/repository/org/objenesis/objenesis/2.6/objenesis-2.6.jar:/Users/eduardo/.m2/repository/org/apache/maven/surefire/surefire-logger-api/2.21.0/surefire-logger-api-2.21.0.jar:"/>
    <property name="sun.cpu.endian" value="little"/>
    <property name="user.home" value="/Users/eduardo"/>
    <property name="user.language" value="en"/>
    <property name="java.specification.vendor" value="Oracle Corporation"/>
    <property name="java.version.date" value="2019-01-15"/>
    <property name="java.home" value="/Library/Java/JavaVirtualMachines/openjdk-11.0.2.jdk/Contents/Home"/>
    <property name="file.separator" value="/"/>
    <property name="basedir" value="/Users/eduardo/Technologia/eqe.io/tutorials/spring-cloud/spring-cloud-kubernetes/readiness-example"/>
    <property name="java.vm.compressedOopsMode" value="Zero based"/>
    <property name="line.separator" value="&#10;"/>
    <property name="java.specification.name" value="Java Platform API Specification"/>
    <property name="java.vm.specification.vendor" value="Oracle Corporation"/>
    <property name="java.awt.graphicsenv" value="sun.awt.CGraphicsEnvironment"/>
    <property name="surefire.real.class.path" value="/Users/eduardo/Technologia/eqe.io/tutorials/spring-cloud/spring-cloud-kubernetes/readiness-example/target/surefire/surefirebooter15931401037029712330.jar"/>
    <property name="sun.management.compiler" value="HotSpot 64-Bit Tiered Compilers"/>
    <property name="ftp.nonProxyHosts" value="local|*.local|169.254/16|*.169.254/16"/>
    <property name="java.runtime.version" value="11.0.2+9"/>
    <property name="user.name" value="eduardo"/>
    <property name="path.separator" value=":"/>
    <property name="os.version" value="10.14.5"/>
    <property name="java.runtime.name" value="OpenJDK Runtime Environment"/>
    <property name="file.encoding" value="UTF-8"/>
    <property name="java.vm.name" value="OpenJDK 64-Bit Server VM"/>
    <property name="java.vendor.version" value="18.9"/>
    <property name="localRepository" value="/Users/eduardo/.m2/repository"/>
    <property name="java.vendor.url.bug" value="http://bugreport.java.com/bugreport/"/>
    <property name="java.io.tmpdir" value="/var/folders/31/pww0psc168q4l7xp79qs2vqh0000gn/T/"/>
    <property name="java.version" value="11.0.2"/>
    <property name="user.dir" value="/Users/eduardo/Technologia/eqe.io/tutorials/spring-cloud/spring-cloud-kubernetes/readiness-example"/>
    <property name="os.arch" value="x86_64"/>
    <property name="java.vm.specification.name" value="Java Virtual Machine Specification"/>
    <property name="java.awt.printerjob" value="sun.lwawt.macosx.CPrinterJob"/>
    <property name="sun.os.patch.level" value="unknown"/>
    <property name="java.library.path" value="/Users/eduardo/Library/Java/Extensions:/Library/Java/Extensions:/Network/Library/Java/Extensions:/System/Library/Java/Extensions:/usr/lib/java:."/>
    <property name="java.vendor" value="Oracle Corporation"/>
    <property name="java.vm.info" value="mixed mode"/>
    <property name="java.vm.version" value="11.0.2+9"/>
    <property name="sun.io.unicode.encoding" value="UnicodeBig"/>
    <property name="java.class.version" value="55.0"/>
    <property name="socksNonProxyHosts" value="local|*.local|169.254/16|*.169.254/16"/>
  </properties>
  <testcase name="contextLoads" classname="com.baeldung.SpringContextTest" time="0.284"/>
</testsuite>